Content-Type: text/plain; charset="utf-8"
MIME-Version: 1.0
Content-Transfer-Encoding: 8bit
Subject: =?utf-8?b?0JfQsNGP0LLQutCwIDUg0YHQvtC30LTQsNC90LA=?=
From: Pod.liv.a@yandex.ru
To: i.agafonov@reglab.ru
Date: Tue, 03 Sep 2024 03:12:34 -0000
Message-ID: 
 <172533315486.20624.13663257639505936354@NTB008303.prosoft.ural.ru>

Здравствуйте! Ваша заявка была успешно создана.

Сведения:
Имя: Илья
Email: i.agafonov@reglab.ru
Сообщение: Тестовое сообщение
-------------------------------------------------------------------------------
Content-Type: text/plain; charset="utf-8"
MIME-Version: 1.0
Content-Transfer-Encoding: 8bit
Subject: =?utf-8?b?0J3QvtCy0LDRjyDQt9Cw0Y/QstC60LAgNQ==?=
From: Pod.liv.a@yandex.ru
To: admin@sbcgl.com
Date: Tue, 03 Sep 2024 03:12:34 -0000
Message-ID: <172533315487.20624.9499033959744485842@NTB008303.prosoft.ural.ru>

Новая заявка создана:

Сведения:
Имя: Илья
Email: i.agafonov@reglab.ru
Сообщение: Тестовое сообщение
-------------------------------------------------------------------------------
