Content-Type: text/plain; charset="utf-8"
MIME-Version: 1.0
Content-Transfer-Encoding: 8bit
Subject: =?utf-8?b?0JfQsNGP0LLQutCwIDQg0YHQvtC30LTQsNC90LA=?=
From: sbcgl@gmail.com
To: agafonov899@mail.ru
Date: Mon, 02 Sep 2024 11:53:40 -0000
Message-ID: <172527802038.1012.16197033213842563037@NTB008303.prosoft.ural.ru>

Здравствуйте! Ваша заявка была успешно создана.

Сведения:
Имя: Илья
Email: agafonov899@mail.ru
Сообщение: фвфввф
-------------------------------------------------------------------------------
Content-Type: text/plain; charset="utf-8"
MIME-Version: 1.0
Content-Transfer-Encoding: 8bit
Subject: =?utf-8?b?0J3QvtCy0LDRjyDQt9Cw0Y/QstC60LAgNA==?=
From: sbcgl@gmail.com
To: admin@sbcgl.com
Date: Mon, 02 Sep 2024 11:53:40 -0000
Message-ID: <172527802039.1012.17532894374783280962@NTB008303.prosoft.ural.ru>

Новая заявка создана:

Сведения:
Имя: Илья
Email: agafonov899@mail.ru
Сообщение: фвфввф
-------------------------------------------------------------------------------
