Content-Type: text/plain; charset="utf-8"
MIME-Version: 1.0
Content-Transfer-Encoding: 8bit
Subject: =?utf-8?b?0JfQsNGP0LLQutCwIDE3INGB0L7Qt9C00LDQvdCw?=
From: Pod.liv.a@yandex.ru
To: agafonov899@mail.ru
Date: Tue, 03 Sep 2024 04:51:54 -0000
Message-ID: <172533911442.7968.17197530704413899878@NTB008303.prosoft.ural.ru>

Здравствуйте! Ваша заявка была успешно создана.

Сведения:
Имя: Dmitry
Email: agafonov899@mail.ru
Сообщение: 123467321
-------------------------------------------------------------------------------
Content-Type: text/plain; charset="utf-8"
MIME-Version: 1.0
Content-Transfer-Encoding: 8bit
Subject: =?utf-8?b?0J3QvtCy0LDRjyDQt9Cw0Y/QstC60LAgMTc=?=
From: Pod.liv.a@yandex.ru
To: admin@sbcgl.com
Date: Tue, 03 Sep 2024 04:51:54 -0000
Message-ID: <172533911442.7968.11786174742105022373@NTB008303.prosoft.ural.ru>

Новая заявка создана:

Сведения:
Имя: Dmitry
Email: agafonov899@mail.ru
Сообщение: 123467321
-------------------------------------------------------------------------------
